<?xml version="1.0" encoding="UTF-8"?>
<!-- Generated by org.testng.reporters.JUnitXMLReporter -->
<testsuite ignored="1" hostname="DESKTOP-DGJE4OQ" failures="0" tests="2" name="Smoke - critical path" time="9.498" errors="0" timestamp="2026-07-03T23:43:05 IST">
  <testcase classname="com.testforge.tests.ui.selenium.LoginTests" name="lockedOutUserSeesError" time="2.371"/>
  <testcase classname="com.testforge.tests.ui.selenium.LoginTests" name="standardUserCanLogin" time="2.591"/>
  <testcase classname="com.testforge.tests.ui.selenium.LoginTests" name="invalidLoginShowsError" time="0.0">
    <ignored/>
  </testcase> <!-- invalidLoginShowsError -->
</testsuite> <!-- Smoke - critical path -->
