<?xml version="1.0" encoding="UTF-8"?>
<testng-results ignored="0" total="2" passed="2" failed="0" skipped="0">
  <reporter-output>
  </reporter-output>
  <suite started-at="2026-07-03T23:42:55 IST" name="TestForge Smoke Suite" finished-at="2026-07-03T23:43:05 IST" duration-ms="9498">
    <groups>
      <group name="smoke">
        <method signature="LoginTests.lockedOutUserSeesError()[pri:0, instance:com.testforge.tests.ui.selenium.LoginTests@7d322cad]" name="lockedOutUserSeesError" class="com.testforge.tests.ui.selenium.LoginTests"/>
        <method signature="LoginTests.standardUserCanLogin()[pri:0, instance:com.testforge.tests.ui.selenium.LoginTests@7d322cad]" name="standardUserCanLogin" class="com.testforge.tests.ui.selenium.LoginTests"/>
      </group> <!-- smoke -->
    </groups>
    <test started-at="2026-07-03T23:42:55 IST" name="Smoke - critical path" finished-at="2026-07-03T23:43:05 IST" duration-ms="9498">
      <class name="com.testforge.tests.ui.selenium.LoginTests">
        <test-method is-config="true" signature="setUp()[pri:0, instance:com.testforge.tests.ui.selenium.LoginTests@7d322cad]" started-at="2026-07-03T23:42:55 IST" name="setUp" finished-at="2026-07-03T23:43:02 IST" duration-ms="6452" status="PASS">
          <reporter-output>
          </reporter-output>
        </test-method> <!-- setUp -->
        <test-method is-config="true" signature="setUp()[pri:0, instance:com.testforge.tests.ui.selenium.LoginTests@7d322cad]" started-at="2026-07-03T23:42:55 IST" name="setUp" finished-at="2026-07-03T23:43:02 IST" duration-ms="6452" status="PASS">
          <reporter-output>
          </reporter-output>
        </test-method> <!-- setUp -->
        <test-method signature="standardUserCanLogin()[pri:0, instance:com.testforge.tests.ui.selenium.LoginTests@7d322cad]" started-at="2026-07-03T23:43:02 IST" name="standardUserCanLogin" finished-at="2026-07-03T23:43:05 IST" duration-ms="2591" status="PASS">
          <reporter-output>
          </reporter-output>
        </test-method> <!-- standardUserCanLogin -->
        <test-method signature="lockedOutUserSeesError()[pri:0, instance:com.testforge.tests.ui.selenium.LoginTests@7d322cad]" started-at="2026-07-03T23:43:02 IST" name="lockedOutUserSeesError" finished-at="2026-07-03T23:43:04 IST" duration-ms="2371" status="PASS">
          <reporter-output>
          </reporter-output>
        </test-method> <!-- lockedOutUserSeesError -->
        <test-method is-config="true" signature="tearDown()[pri:0, instance:com.testforge.tests.ui.selenium.LoginTests@7d322cad]" started-at="2026-07-03T23:43:04 IST" name="tearDown" finished-at="2026-07-03T23:43:05 IST" duration-ms="334" status="PASS">
          <reporter-output>
          </reporter-output>
        </test-method> <!-- tearDown -->
        <test-method is-config="true" signature="tearDown()[pri:0, instance:com.testforge.tests.ui.selenium.LoginTests@7d322cad]" started-at="2026-07-03T23:43:05 IST" name="tearDown" finished-at="2026-07-03T23:43:05 IST" duration-ms="208" status="PASS">
          <reporter-output>
          </reporter-output>
        </test-method> <!-- tearDown -->
      </class> <!-- com.testforge.tests.ui.selenium.LoginTests -->
    </test> <!-- Smoke - critical path -->
  </suite> <!-- TestForge Smoke Suite -->
</testng-results>
