<?xml version="1.0" encoding="UTF-8"?>
<!-- Generated by org.testng.reporters.JUnitReportReporter -->
<testsuite hostname="DESKTOP-DGJE4OQ" failures="0" tests="2" name="com.testforge.tests.ui.selenium.LoginTests" time="18.408" errors="0" timestamp="2026-07-03T23:43:05 IST" skipped="0">
  <testcase classname="com.testforge.tests.ui.selenium.LoginTests" name="standardUserCanLogin" time="9.251"/>
  <testcase classname="com.testforge.tests.ui.selenium.LoginTests" name="lockedOutUserSeesError" time="9.157"/>
</testsuite> <!-- com.testforge.tests.ui.selenium.LoginTests -->
