<?xml version="1.0" encoding="UTF-8"?>
<!-- Generated by org.testng.reporters.JUnitXMLReporter -->
<testsuite ignored="0" hostname="DESKTOP-DGJE4OQ" failures="0" tests="5" name="Full regression" time="63.271" errors="0" timestamp="2026-07-03T20:58:37 IST">
  <testcase classname="com.testforge.tests.ui.selenium.LoginTests" name="invalidLoginShowsError" time="32.944"/>
  <testcase classname="com.testforge.tests.ui.selenium.LoginTests" name="standardUserCanLogin" time="33.737"/>
  <testcase classname="com.testforge.tests.ui.selenium.LoginTests" name="lockedOutUserSeesError" time="36.075"/>
  <testcase classname="com.testforge.tests.ui.selenium.LoginTests" name="invalidLoginShowsError" time="16.474"/>
  <testcase classname="com.testforge.tests.ui.selenium.LoginTests" name="invalidLoginShowsError" time="4.332"/>
</testsuite> <!-- Full regression -->
